<?xml version="1.0" encoding="UTF-8"?>
<!-- Generated by org.testng.reporters.JUnitReportReporter -->
<testsuite skipped="0" hostname="BRILAP800" name="Scripts.OnTheGo_AndroidProject.login_Invalid" tests="1" failures="0" timestamp="04 Dec 2018 13:47:09 GMT" time="33.158" errors="0">
  <testcase name="invalid" time="33.158" classname="Scripts.OnTheGo_AndroidProject.login_Invalid"/>
</testsuite> <!-- Scripts.OnTheGo_AndroidProject.login_Invalid -->
