<?xml version="1.0" encoding="UTF-8"?>
<!-- Generated by org.testng.reporters.JUnitReportReporter -->
<testsuite skipped="0" hostname="BRILAP800" name="Scripts.OnTheGo_AndroidProject.ValidloginTest" tests="1" failures="0" timestamp="28 Nov 2018 10:56:00 GMT" time="0.013" errors="0">
  <testcase name="f" time="0.013" classname="Scripts.OnTheGo_AndroidProject.ValidloginTest"/>
</testsuite> <!-- Scripts.OnTheGo_AndroidProject.ValidloginTest -->
