<?xml version="1.0" encoding="UTF-8"?>
<!-- Generated by org.testng.reporters.JUnitReportReporter -->
<testsuite skipped="0" hostname="BRILAP800" name="Scripts.OnTheGo_AndroidProject.Birthday_Valid" tests="1" failures="0" timestamp="04 Dec 2018 13:49:38 GMT" time="79.016" errors="0">
  <testcase name="validBirthday" time="79.016" classname="Scripts.OnTheGo_AndroidProject.Birthday_Valid"/>
</testsuite> <!-- Scripts.OnTheGo_AndroidProject.Birthday_Valid -->
