<?xml version="1.0" encoding="UTF-8"?>
<!-- Generated by org.testng.reporters.JUnitReportReporter -->
<testsuite skipped="0" hostname="BRILAP800" name="Scripts.OnTheGo_AndroidProject.Validlogin" tests="1" failures="0" timestamp="30 Nov 2018 06:57:32 GMT" time="40.698" errors="0">
  <testcase name="validlogin" time="40.698" classname="Scripts.OnTheGo_AndroidProject.Validlogin"/>
</testsuite> <!-- Scripts.OnTheGo_AndroidProject.Validlogin -->
